mode: set
project-app-inventory/repository/assignment.go:26.90,28.2 1 1
project-app-inventory/repository/assignment.go:30.66,38.2 3 1
project-app-inventory/repository/assignment.go:40.76,50.26 4 1
project-app-inventory/repository/assignment.go:50.26,52.3 1 1
project-app-inventory/repository/assignment.go:53.2,53.16 1 1
project-app-inventory/repository/assignment.go:56.90,63.16 5 1
project-app-inventory/repository/assignment.go:63.16,66.3 2 1
project-app-inventory/repository/assignment.go:69.2,77.16 3 1
project-app-inventory/repository/assignment.go:77.16,79.3 1 0
project-app-inventory/repository/assignment.go:80.2,83.18 3 1
project-app-inventory/repository/assignment.go:83.18,89.17 3 1
project-app-inventory/repository/assignment.go:89.17,91.4 1 0
project-app-inventory/repository/assignment.go:92.3,92.39 1 1
project-app-inventory/repository/assignment.go:95.2,95.32 1 1
project-app-inventory/repository/assignment.go:98.77,106.16 3 1
project-app-inventory/repository/assignment.go:106.16,108.3 1 0
project-app-inventory/repository/assignment.go:109.2,110.23 2 1
project-app-inventory/repository/assignment.go:110.23,112.3 1 1
project-app-inventory/repository/assignment.go:113.2,113.12 1 1
project-app-inventory/repository/assignment.go:116.53,122.16 3 1
project-app-inventory/repository/assignment.go:122.16,124.3 1 0
project-app-inventory/repository/assignment.go:125.2,126.23 2 1
project-app-inventory/repository/assignment.go:126.23,128.3 1 1
project-app-inventory/repository/assignment.go:129.2,129.12 1 1
project-app-inventory/repository/category.go:27.86,29.2 1 1
project-app-inventory/repository/category.go:31.69,41.16 3 1
project-app-inventory/repository/category.go:41.16,43.3 1 1
project-app-inventory/repository/category.go:44.2,44.12 1 1
project-app-inventory/repository/category.go:47.72,59.26 4 1
project-app-inventory/repository/category.go:59.26,61.3 1 0
project-app-inventory/repository/category.go:62.2,62.16 1 1
project-app-inventory/repository/category.go:62.16,65.3 2 0
project-app-inventory/repository/category.go:66.2,66.23 1 1
project-app-inventory/repository/category.go:69.79,81.26 4 1
project-app-inventory/repository/category.go:81.26,83.3 1 0
project-app-inventory/repository/category.go:84.2,84.16 1 1
project-app-inventory/repository/category.go:84.16,87.3 2 0
project-app-inventory/repository/category.go:88.2,88.23 1 1
project-app-inventory/repository/category.go:91.86,98.16 5 0
project-app-inventory/repository/category.go:98.16,101.3 2 0
project-app-inventory/repository/category.go:104.2,111.16 3 0
project-app-inventory/repository/category.go:111.16,114.3 2 0
project-app-inventory/repository/category.go:115.2,118.18 3 0
project-app-inventory/repository/category.go:118.18,124.17 3 0
project-app-inventory/repository/category.go:124.17,127.4 2 0
project-app-inventory/repository/category.go:128.3,128.44 1 0
project-app-inventory/repository/category.go:131.2,131.31 1 0
project-app-inventory/repository/category.go:134.73,143.16 3 1
project-app-inventory/repository/category.go:143.16,146.3 2 0
project-app-inventory/repository/category.go:148.2,149.23 2 1
project-app-inventory/repository/category.go:149.23,151.3 1 1
project-app-inventory/repository/category.go:152.2,152.12 1 1
project-app-inventory/repository/category.go:155.51,161.16 3 1
project-app-inventory/repository/category.go:161.16,164.3 2 0
project-app-inventory/repository/category.go:166.2,167.23 2 1
project-app-inventory/repository/category.go:167.23,169.3 1 1
project-app-inventory/repository/category.go:170.2,170.12 1 1
project-app-inventory/repository/item.go:28.78,30.2 1 1
project-app-inventory/repository/item.go:32.57,43.16 3 1
project-app-inventory/repository/item.go:43.16,45.3 1 1
project-app-inventory/repository/item.go:46.2,46.12 1 1
project-app-inventory/repository/item.go:49.64,63.26 4 1
project-app-inventory/repository/item.go:63.26,65.3 1 1
project-app-inventory/repository/item.go:66.2,66.16 1 1
project-app-inventory/repository/item.go:66.16,69.3 2 0
project-app-inventory/repository/item.go:70.2,70.19 1 1
project-app-inventory/repository/item.go:73.69,87.26 4 0
project-app-inventory/repository/item.go:87.26,89.3 1 0
project-app-inventory/repository/item.go:90.2,90.16 1 0
project-app-inventory/repository/item.go:90.16,93.3 2 0
project-app-inventory/repository/item.go:94.2,94.19 1 0
project-app-inventory/repository/item.go:97.78,104.16 5 0
project-app-inventory/repository/item.go:104.16,107.3 2 0
project-app-inventory/repository/item.go:110.2,118.16 3 0
project-app-inventory/repository/item.go:118.16,121.3 2 0
project-app-inventory/repository/item.go:122.2,125.18 3 0
project-app-inventory/repository/item.go:125.18,132.17 3 0
project-app-inventory/repository/item.go:132.17,135.4 2 0
project-app-inventory/repository/item.go:136.3,136.30 1 0
project-app-inventory/repository/item.go:139.2,139.26 1 0
project-app-inventory/repository/item.go:142.83,149.16 5 1
project-app-inventory/repository/item.go:149.16,152.3 2 0
project-app-inventory/repository/item.go:155.2,163.16 3 1
project-app-inventory/repository/item.go:163.16,166.3 2 0
project-app-inventory/repository/item.go:167.2,170.18 3 1
project-app-inventory/repository/item.go:170.18,177.17 3 1
project-app-inventory/repository/item.go:177.17,180.4 2 0
project-app-inventory/repository/item.go:181.3,181.30 1 1
project-app-inventory/repository/item.go:184.2,184.26 1 1
project-app-inventory/repository/item.go:187.65,198.16 3 1
project-app-inventory/repository/item.go:198.16,201.3 2 0
project-app-inventory/repository/item.go:203.2,204.23 2 1
project-app-inventory/repository/item.go:204.23,206.3 1 1
project-app-inventory/repository/item.go:207.2,207.12 1 1
project-app-inventory/repository/item.go:210.47,216.16 3 1
project-app-inventory/repository/item.go:216.16,219.3 2 0
project-app-inventory/repository/item.go:221.2,222.23 2 1
project-app-inventory/repository/item.go:222.23,224.3 1 1
project-app-inventory/repository/item.go:225.2,225.12 1 1
project-app-inventory/repository/permission.go:16.74,18.2 1 1
project-app-inventory/repository/permission.go:20.98,48.2 4 1
project-app-inventory/repository/rack.go:28.78,30.2 1 1
project-app-inventory/repository/rack.go:32.57,42.16 3 1
project-app-inventory/repository/rack.go:42.16,44.3 1 1
project-app-inventory/repository/rack.go:45.2,45.12 1 1
project-app-inventory/repository/rack.go:48.64,60.26 4 1
project-app-inventory/repository/rack.go:60.26,62.3 1 0
project-app-inventory/repository/rack.go:63.2,63.16 1 1
project-app-inventory/repository/rack.go:63.16,66.3 2 0
project-app-inventory/repository/rack.go:67.2,67.19 1 1
project-app-inventory/repository/rack.go:70.100,82.26 4 0
project-app-inventory/repository/rack.go:82.26,84.3 1 0
project-app-inventory/repository/rack.go:85.2,85.16 1 0
project-app-inventory/repository/rack.go:85.16,88.3 2 0
project-app-inventory/repository/rack.go:89.2,89.19 1 0
project-app-inventory/repository/rack.go:92.78,99.16 5 0
project-app-inventory/repository/rack.go:99.16,102.3 2 0
project-app-inventory/repository/rack.go:105.2,112.16 3 0
project-app-inventory/repository/rack.go:112.16,115.3 2 0
project-app-inventory/repository/rack.go:116.2,119.18 3 0
project-app-inventory/repository/rack.go:119.18,125.17 3 0
project-app-inventory/repository/rack.go:125.17,128.4 2 0
project-app-inventory/repository/rack.go:129.3,129.30 1 0
project-app-inventory/repository/rack.go:132.2,132.26 1 0
project-app-inventory/repository/rack.go:135.101,142.16 5 0
project-app-inventory/repository/rack.go:142.16,145.3 2 0
project-app-inventory/repository/rack.go:148.2,156.16 3 0
project-app-inventory/repository/rack.go:156.16,159.3 2 0
project-app-inventory/repository/rack.go:160.2,163.18 3 0
project-app-inventory/repository/rack.go:163.18,169.17 3 0
project-app-inventory/repository/rack.go:169.17,172.4 2 0
project-app-inventory/repository/rack.go:173.3,173.30 1 0
project-app-inventory/repository/rack.go:176.2,176.26 1 0
project-app-inventory/repository/rack.go:179.65,188.16 3 1
project-app-inventory/repository/rack.go:188.16,191.3 2 0
project-app-inventory/repository/rack.go:193.2,194.23 2 1
project-app-inventory/repository/rack.go:194.23,196.3 1 1
project-app-inventory/repository/rack.go:197.2,197.12 1 1
project-app-inventory/repository/rack.go:200.47,206.16 3 1
project-app-inventory/repository/rack.go:206.16,209.3 2 0
project-app-inventory/repository/rack.go:211.2,212.23 2 1
project-app-inventory/repository/rack.go:212.23,214.3 1 1
project-app-inventory/repository/rack.go:215.2,215.12 1 1
project-app-inventory/repository/report.go:25.82,27.2 1 1
project-app-inventory/repository/report.go:29.57,33.16 4 1
project-app-inventory/repository/report.go:33.16,34.22 1 1
project-app-inventory/repository/report.go:34.22,36.4 1 1
project-app-inventory/repository/report.go:37.3,37.16 1 1
project-app-inventory/repository/report.go:39.2,39.19 1 1
project-app-inventory/repository/report.go:42.60,46.16 4 1
project-app-inventory/repository/report.go:46.16,47.22 1 0
project-app-inventory/repository/report.go:47.22,49.4 1 0
project-app-inventory/repository/report.go:50.3,50.16 1 0
project-app-inventory/repository/report.go:52.2,52.19 1 1
project-app-inventory/repository/report.go:55.57,59.16 4 1
project-app-inventory/repository/report.go:59.16,60.22 1 0
project-app-inventory/repository/report.go:60.22,62.4 1 0
project-app-inventory/repository/report.go:63.3,63.16 1 0
project-app-inventory/repository/report.go:65.2,65.19 1 1
project-app-inventory/repository/report.go:68.63,72.16 4 1
project-app-inventory/repository/report.go:72.16,73.22 1 0
project-app-inventory/repository/report.go:73.22,75.4 1 0
project-app-inventory/repository/report.go:76.3,76.16 1 0
project-app-inventory/repository/report.go:78.2,78.19 1 1
project-app-inventory/repository/report.go:81.58,85.16 4 1
project-app-inventory/repository/report.go:85.16,86.22 1 0
project-app-inventory/repository/report.go:86.22,88.4 1 0
project-app-inventory/repository/report.go:89.3,89.16 1 0
project-app-inventory/repository/report.go:91.2,91.19 1 1
project-app-inventory/repository/report.go:94.62,98.16 4 1
project-app-inventory/repository/report.go:98.16,99.22 1 0
project-app-inventory/repository/report.go:99.22,101.4 1 0
project-app-inventory/repository/report.go:102.3,102.16 1 0
project-app-inventory/repository/report.go:104.2,104.19 1 1
project-app-inventory/repository/report.go:107.62,111.16 4 1
project-app-inventory/repository/report.go:111.16,112.22 1 0
project-app-inventory/repository/report.go:112.22,114.4 1 0
project-app-inventory/repository/report.go:115.3,115.16 1 0
project-app-inventory/repository/report.go:117.2,117.19 1 1
project-app-inventory/repository/repository.go:23.70,37.2 1 0
project-app-inventory/repository/sale.go:28.78,30.2 1 1
project-app-inventory/repository/sale.go:32.81,35.9 2 0
project-app-inventory/repository/sale.go:35.9,37.3 1 0
project-app-inventory/repository/sale.go:40.2,41.16 2 0
project-app-inventory/repository/sale.go:41.16,44.3 2 0
project-app-inventory/repository/sale.go:45.2,57.16 4 0
project-app-inventory/repository/sale.go:57.16,60.3 2 0
project-app-inventory/repository/sale.go:63.2,68.23 2 0
project-app-inventory/repository/sale.go:68.23,75.17 3 0
project-app-inventory/repository/sale.go:75.17,78.4 2 0
project-app-inventory/repository/sale.go:81.3,89.17 3 0
project-app-inventory/repository/sale.go:89.17,92.4 2 0
project-app-inventory/repository/sale.go:94.3,94.33 1 0
project-app-inventory/repository/sale.go:94.33,96.4 1 0
project-app-inventory/repository/sale.go:100.2,101.16 2 0
project-app-inventory/repository/sale.go:101.16,104.3 2 0
project-app-inventory/repository/sale.go:106.2,106.12 1 0
project-app-inventory/repository/sale.go:109.64,120.26 4 1
project-app-inventory/repository/sale.go:120.26,122.3 1 0
project-app-inventory/repository/sale.go:123.2,123.16 1 1
project-app-inventory/repository/sale.go:123.16,126.3 2 0
project-app-inventory/repository/sale.go:127.2,127.19 1 1
project-app-inventory/repository/sale.go:130.78,138.16 3 1
project-app-inventory/repository/sale.go:138.16,141.3 2 0
project-app-inventory/repository/sale.go:142.2,145.18 3 1
project-app-inventory/repository/sale.go:145.18,151.17 3 1
project-app-inventory/repository/sale.go:151.17,154.4 2 0
project-app-inventory/repository/sale.go:155.3,155.30 1 1
project-app-inventory/repository/sale.go:158.2,158.19 1 1
project-app-inventory/repository/sale.go:161.78,168.16 5 0
project-app-inventory/repository/sale.go:168.16,171.3 2 0
project-app-inventory/repository/sale.go:174.2,182.16 3 0
project-app-inventory/repository/sale.go:182.16,185.3 2 0
project-app-inventory/repository/sale.go:186.2,189.18 3 0
project-app-inventory/repository/sale.go:189.18,194.17 3 0
project-app-inventory/repository/sale.go:194.17,197.4 2 0
project-app-inventory/repository/sale.go:198.3,198.30 1 0
project-app-inventory/repository/sale.go:201.2,201.26 1 0
project-app-inventory/repository/sale.go:204.89,207.9 2 0
project-app-inventory/repository/sale.go:207.9,209.3 1 0
project-app-inventory/repository/sale.go:212.2,213.16 2 0
project-app-inventory/repository/sale.go:213.16,216.3 2 0
project-app-inventory/repository/sale.go:217.2,221.16 3 0
project-app-inventory/repository/sale.go:221.16,224.3 2 0
project-app-inventory/repository/sale.go:227.2,227.35 1 0
project-app-inventory/repository/sale.go:227.35,236.17 3 0
project-app-inventory/repository/sale.go:236.17,239.4 2 0
project-app-inventory/repository/sale.go:243.2,245.16 3 0
project-app-inventory/repository/sale.go:245.16,248.3 2 0
project-app-inventory/repository/sale.go:251.2,257.16 3 0
project-app-inventory/repository/sale.go:257.16,260.3 2 0
project-app-inventory/repository/sale.go:262.2,262.32 1 0
project-app-inventory/repository/sale.go:262.32,264.3 1 0
project-app-inventory/repository/sale.go:267.2,272.23 2 0
project-app-inventory/repository/sale.go:272.23,279.17 3 0
project-app-inventory/repository/sale.go:279.17,282.4 2 0
project-app-inventory/repository/sale.go:285.3,293.17 3 0
project-app-inventory/repository/sale.go:293.17,296.4 2 0
project-app-inventory/repository/sale.go:298.3,298.33 1 0
project-app-inventory/repository/sale.go:298.33,300.4 1 0
project-app-inventory/repository/sale.go:304.2,305.16 2 0
project-app-inventory/repository/sale.go:305.16,308.3 2 0
project-app-inventory/repository/sale.go:310.2,310.12 1 0
project-app-inventory/repository/sale.go:313.47,316.9 2 0
project-app-inventory/repository/sale.go:316.9,318.3 1 0
project-app-inventory/repository/sale.go:321.2,322.16 2 0
project-app-inventory/repository/sale.go:322.16,325.3 2 0
project-app-inventory/repository/sale.go:326.2,330.16 3 0
project-app-inventory/repository/sale.go:330.16,333.3 2 0
project-app-inventory/repository/sale.go:336.2,336.33 1 0
project-app-inventory/repository/sale.go:336.33,345.17 3 0
project-app-inventory/repository/sale.go:345.17,348.4 2 0
project-app-inventory/repository/sale.go:352.2,354.16 3 0
project-app-inventory/repository/sale.go:354.16,357.3 2 0
project-app-inventory/repository/sale.go:360.2,362.16 3 0
project-app-inventory/repository/sale.go:362.16,365.3 2 0
project-app-inventory/repository/sale.go:367.2,367.32 1 0
project-app-inventory/repository/sale.go:367.32,369.3 1 0
project-app-inventory/repository/sale.go:372.2,373.16 2 0
project-app-inventory/repository/sale.go:373.16,376.3 2 0
project-app-inventory/repository/sale.go:378.2,378.12 1 0
project-app-inventory/repository/session.go:22.67,24.2 1 1
project-app-inventory/repository/session.go:26.70,33.2 2 1
project-app-inventory/repository/session.go:35.83,46.26 4 1
project-app-inventory/repository/session.go:46.26,48.3 1 1
project-app-inventory/repository/session.go:50.2,50.22 1 1
project-app-inventory/repository/session.go:53.67,61.2 3 1
project-app-inventory/repository/session.go:63.63,70.2 3 1
project-app-inventory/repository/submission.go:22.61,24.2 1 1
project-app-inventory/repository/submission.go:26.98,30.2 3 1
project-app-inventory/repository/submission.go:32.62,36.2 2 1
project-app-inventory/repository/submission.go:38.87,49.16 3 1
project-app-inventory/repository/submission.go:49.16,51.3 1 1
project-app-inventory/repository/submission.go:52.2,55.18 3 1
project-app-inventory/repository/submission.go:55.18,58.17 3 1
project-app-inventory/repository/submission.go:58.17,60.4 1 0
project-app-inventory/repository/submission.go:61.3,61.39 1 1
project-app-inventory/repository/submission.go:63.2,64.25 2 1
project-app-inventory/repository/submission.go:67.109,85.16 5 1
project-app-inventory/repository/submission.go:85.16,87.3 1 1
project-app-inventory/repository/submission.go:89.2,89.18 1 1
project-app-inventory/repository/submission.go:92.67,96.2 3 1
project-app-inventory/repository/user.go:29.61,31.2 1 1
project-app-inventory/repository/user.go:33.61,43.35 3 1
project-app-inventory/repository/user.go:43.35,45.3 1 0
project-app-inventory/repository/user.go:46.2,46.12 1 1
project-app-inventory/repository/user.go:49.77,61.26 4 1
project-app-inventory/repository/user.go:61.26,63.3 1 0
project-app-inventory/repository/user.go:64.2,64.35 1 1
project-app-inventory/repository/user.go:64.35,67.3 2 0
project-app-inventory/repository/user.go:69.2,69.19 1 1
project-app-inventory/repository/user.go:72.68,84.26 4 1
project-app-inventory/repository/user.go:84.26,86.3 1 0
project-app-inventory/repository/user.go:87.2,87.35 1 1
project-app-inventory/repository/user.go:87.35,90.3 2 0
project-app-inventory/repository/user.go:92.2,92.19 1 1
project-app-inventory/repository/user.go:95.82,102.16 5 1
project-app-inventory/repository/user.go:102.16,103.22 1 1
project-app-inventory/repository/user.go:103.22,105.4 1 0
project-app-inventory/repository/user.go:106.3,106.21 1 1
project-app-inventory/repository/user.go:110.2,118.16 3 1
project-app-inventory/repository/user.go:118.16,119.22 1 0
project-app-inventory/repository/user.go:119.22,121.4 1 0
project-app-inventory/repository/user.go:122.3,122.21 1 0
project-app-inventory/repository/user.go:124.2,127.18 3 1
project-app-inventory/repository/user.go:127.18,134.17 3 1
project-app-inventory/repository/user.go:134.17,135.23 1 0
project-app-inventory/repository/user.go:135.23,137.5 1 0
project-app-inventory/repository/user.go:138.4,138.22 1 0
project-app-inventory/repository/user.go:140.3,140.30 1 1
project-app-inventory/repository/user.go:143.2,143.26 1 1
project-app-inventory/repository/user.go:146.69,155.16 3 1
project-app-inventory/repository/user.go:155.16,156.22 1 0
project-app-inventory/repository/user.go:156.22,158.4 1 0
project-app-inventory/repository/user.go:159.3,159.13 1 0
project-app-inventory/repository/user.go:162.2,163.23 2 1
project-app-inventory/repository/user.go:163.23,165.3 1 1
project-app-inventory/repository/user.go:166.2,166.12 1 1
project-app-inventory/repository/user.go:169.51,175.16 3 1
project-app-inventory/repository/user.go:175.16,176.22 1 0
project-app-inventory/repository/user.go:176.22,178.4 1 0
project-app-inventory/repository/user.go:179.3,179.13 1 0
project-app-inventory/repository/user.go:182.2,183.23 2 1
project-app-inventory/repository/user.go:183.23,185.3 1 1
project-app-inventory/repository/user.go:186.2,186.12 1 1
project-app-inventory/repository/user.go:189.70,197.16 3 1
project-app-inventory/repository/user.go:197.16,199.3 1 1
project-app-inventory/repository/user.go:200.2,203.18 3 1
project-app-inventory/repository/user.go:203.18,206.17 3 1
project-app-inventory/repository/user.go:206.17,208.4 1 0
project-app-inventory/repository/user.go:209.3,209.33 1 1
project-app-inventory/repository/user.go:211.2,211.22 1 1
project-app-inventory/repository/user.go:214.70,224.16 4 1
project-app-inventory/repository/user.go:224.16,226.3 1 1
project-app-inventory/repository/user.go:228.2,228.18 1 1
project-app-inventory/repository/warehouse.go:27.88,29.2 1 1
project-app-inventory/repository/warehouse.go:31.72,41.16 3 1
project-app-inventory/repository/warehouse.go:41.16,43.3 1 1
project-app-inventory/repository/warehouse.go:44.2,44.12 1 1
project-app-inventory/repository/warehouse.go:47.74,59.26 4 1
project-app-inventory/repository/warehouse.go:59.26,61.3 1 0
project-app-inventory/repository/warehouse.go:62.2,62.16 1 1
project-app-inventory/repository/warehouse.go:62.16,65.3 2 0
project-app-inventory/repository/warehouse.go:66.2,66.24 1 1
project-app-inventory/repository/warehouse.go:69.81,81.26 4 1
project-app-inventory/repository/warehouse.go:81.26,83.3 1 1
project-app-inventory/repository/warehouse.go:84.2,84.16 1 1
project-app-inventory/repository/warehouse.go:84.16,87.3 2 0
project-app-inventory/repository/warehouse.go:88.2,88.24 1 1
project-app-inventory/repository/warehouse.go:91.88,98.16 5 1
project-app-inventory/repository/warehouse.go:98.16,101.3 2 1
project-app-inventory/repository/warehouse.go:104.2,111.16 3 1
project-app-inventory/repository/warehouse.go:111.16,114.3 2 0
project-app-inventory/repository/warehouse.go:115.2,118.18 3 1
project-app-inventory/repository/warehouse.go:118.18,124.17 3 1
project-app-inventory/repository/warehouse.go:124.17,127.4 2 0
project-app-inventory/repository/warehouse.go:128.3,128.45 1 1
project-app-inventory/repository/warehouse.go:131.2,131.31 1 1
project-app-inventory/repository/warehouse.go:134.75,143.16 3 1
project-app-inventory/repository/warehouse.go:143.16,146.3 2 0
project-app-inventory/repository/warehouse.go:148.2,149.23 2 1
project-app-inventory/repository/warehouse.go:149.23,151.3 1 1
project-app-inventory/repository/warehouse.go:152.2,152.12 1 1
project-app-inventory/repository/warehouse.go:155.52,161.16 3 1
project-app-inventory/repository/warehouse.go:161.16,164.3 2 0
project-app-inventory/repository/warehouse.go:166.2,167.23 2 1
project-app-inventory/repository/warehouse.go:167.23,169.3 1 1
project-app-inventory/repository/warehouse.go:170.2,170.12 1 1
